INSTANCE 		NODES 		 SEED 		 METHOD 	 DSIZE
vc2.txt 		 100 		 3052 		 g 			 5
vc2.txt 		 100 		 22193 		 g 			 5
vc2.txt 		 100 		 16582 		 g 			 5
vc2.txt 		 100 		 25042 		 g 			 5
vc2.txt 		 100 		 16046 		 g 			 5
vc2.txt 		 100 		 12654 		 g 			 5
vc2.txt 		 100 		 24294 		 g 			 5
vc2.txt 		 100 		 6220 		 g 			 5
vc2.txt 		 100 		 19605 		 g 			 5
vc2.txt 		 100 		 4318 		 g 			 5
vc2.txt 		 100 		 2952 		 g 			 5
vc2.txt 		 100 		 26017 		 g 			 5
vc2.txt 		 100 		 2531 		 g 			 5
vc2.txt 		 100 		 13286 		 g 			 5
vc2.txt 		 100 		 30888 		 g 			 5
vc2.txt 		 100 		 2279 		 g 			 5
vc2.txt 		 100 		 14132 		 g 			 5
vc2.txt 		 100 		 23712 		 g 			 5
vc2.txt 		 100 		 24352 		 g 			 5
vc2.txt 		 100 		 21056 		 g 			 5
vc2.txt 		 100 		 15335 		 g 			 5
vc2.txt 		 100 		 24597 		 g 			 5
vc2.txt 		 100 		 21801 		 g 			 5
vc2.txt 		 100 		 13742 		 g 			 5
vc2.txt 		 100 		 23238 		 g 			 5
vc2.txt 		 100 		 7653 		 g 			 5
vc2.txt 		 100 		 18350 		 g 			 5
vc2.txt 		 100 		 8232 		 g 			 5
vc2.txt 		 100 		 27500 		 g 			 5
vc2.txt 		 100 		 16525 		 g 			 5
vc2.txt 		 100 		 12804 		 g 			 5
vc2.txt 		 100 		 24756 		 g 			 5
vc2.txt 		 100 		 27106 		 g 			 5
vc2.txt 		 100 		 19178 		 g 			 5
vc2.txt 		 100 		 5256 		 g 			 5
vc2.txt 		 100 		 3858 		 g 			 5
vc2.txt 		 100 		 3305 		 g 			 5
vc2.txt 		 100 		 25121 		 g 			 5
vc2.txt 		 100 		 9221 		 g 			 5
vc2.txt 		 100 		 25616 		 g 			 5
vc2.txt 		 100 		 13708 		 g 			 5
vc2.txt 		 100 		 19004 		 g 			 5
vc2.txt 		 100 		 25901 		 g 			 5
vc2.txt 		 100 		 15085 		 g 			 5
vc2.txt 		 100 		 23681 		 g 			 5
vc2.txt 		 100 		 24889 		 g 			 5
vc2.txt 		 100 		 1417 		 g 			 5
vc2.txt 		 100 		 3191 		 g 			 5
vc2.txt 		 100 		 4429 		 g 			 5
vc2.txt 		 100 		 12779 		 g 			 5
vc2.txt 		 100 		 27605 		 a 			 5
vc2.txt 		 100 		 4313 		 a 			 6
vc2.txt 		 100 		 26530 		 a 			 12
vc2.txt 		 100 		 30103 		 a 			 13
vc2.txt 		 100 		 17420 		 a 			 14
vc2.txt 		 100 		 18156 		 a 			 11
vc2.txt 		 100 		 20535 		 a 			 7
vc2.txt 		 100 		 2784 		 a 			 10
vc2.txt 		 100 		 14086 		 a 			 9
vc2.txt 		 100 		 2813 		 a 			 10
vc2.txt 		 100 		 10438 		 a 			 7
vc2.txt 		 100 		 737 		 a 			 7
vc2.txt 		 100 		 15798 		 a 			 5
vc2.txt 		 100 		 21296 		 a 			 8
vc2.txt 		 100 		 16052 		 a 			 7
vc2.txt 		 100 		 22744 		 a 			 5
vc2.txt 		 100 		 29411 		 a 			 9
vc2.txt 		 100 		 19730 		 a 			 8
vc2.txt 		 100 		 1278 		 a 			 11
vc2.txt 		 100 		 4281 		 a 			 11
vc2.txt 		 100 		 1202 		 a 			 8
vc2.txt 		 100 		 26628 		 a 			 10
vc2.txt 		 100 		 2459 		 a 			 10
vc2.txt 		 100 		 28254 		 a 			 9
vc2.txt 		 100 		 1510 		 a 			 9
vc2.txt 		 100 		 6820 		 a 			 13
vc2.txt 		 100 		 16821 		 a 			 8
vc2.txt 		 100 		 974 		 a 			 8
vc2.txt 		 100 		 3116 		 a 			 10
vc2.txt 		 100 		 29414 		 a 			 8
vc2.txt 		 100 		 4613 		 a 			 10
vc2.txt 		 100 		 24995 		 a 			 10
vc2.txt 		 100 		 13231 		 a 			 8
vc2.txt 		 100 		 936 		 a 			 11
vc2.txt 		 100 		 14739 		 a 			 15
vc2.txt 		 100 		 3538 		 a 			 12
vc2.txt 		 100 		 31946 		 a 			 7
vc2.txt 		 100 		 29033 		 a 			 8
vc2.txt 		 100 		 30127 		 a 			 11
vc2.txt 		 100 		 30827 		 a 			 14
vc2.txt 		 100 		 22566 		 a 			 14
vc2.txt 		 100 		 29888 		 a 			 12
vc2.txt 		 100 		 5819 		 a 			 6
vc2.txt 		 100 		 3979 		 a 			 15
vc2.txt 		 100 		 15749 		 a 			 5
vc2.txt 		 100 		 1668 		 a 			 14
vc2.txt 		 100 		 358 		 a 			 13
vc2.txt 		 100 		 30680 		 a 			 9
vc2.txt 		 100 		 25400 		 a 			 12
vc2.txt 		 100 		 11775 		 a 			 6
