INSTANCE 		NODES 		 SEED 		 METHOD 	 DSIZE
vc1.txt 		 100 		 5255 		 g 			 4
vc1.txt 		 100 		 12713 		 g 			 4
vc1.txt 		 100 		 20441 		 g 			 4
vc1.txt 		 100 		 23655 		 g 			 4
vc1.txt 		 100 		 9847 		 g 			 4
vc1.txt 		 100 		 20161 		 g 			 4
vc1.txt 		 100 		 7219 		 g 			 4
vc1.txt 		 100 		 1989 		 g 			 4
vc1.txt 		 100 		 20400 		 g 			 4
vc1.txt 		 100 		 18119 		 g 			 4
vc1.txt 		 100 		 28369 		 g 			 4
vc1.txt 		 100 		 31486 		 g 			 4
vc1.txt 		 100 		 26035 		 g 			 4
vc1.txt 		 100 		 32221 		 g 			 4
vc1.txt 		 100 		 25537 		 g 			 4
vc1.txt 		 100 		 6324 		 g 			 4
vc1.txt 		 100 		 31643 		 g 			 4
vc1.txt 		 100 		 13715 		 g 			 4
vc1.txt 		 100 		 31184 		 g 			 4
vc1.txt 		 100 		 24365 		 g 			 4
vc1.txt 		 100 		 14076 		 g 			 4
vc1.txt 		 100 		 414 		 g 			 4
vc1.txt 		 100 		 17235 		 g 			 4
vc1.txt 		 100 		 5193 		 g 			 4
vc1.txt 		 100 		 22466 		 g 			 4
vc1.txt 		 100 		 14847 		 g 			 4
vc1.txt 		 100 		 6503 		 g 			 4
vc1.txt 		 100 		 17757 		 g 			 4
vc1.txt 		 100 		 3426 		 g 			 4
vc1.txt 		 100 		 16141 		 g 			 4
vc1.txt 		 100 		 1883 		 g 			 4
vc1.txt 		 100 		 28935 		 g 			 4
vc1.txt 		 100 		 5488 		 g 			 4
vc1.txt 		 100 		 28660 		 g 			 4
vc1.txt 		 100 		 904 		 g 			 4
vc1.txt 		 100 		 24277 		 g 			 4
vc1.txt 		 100 		 265 		 g 			 4
vc1.txt 		 100 		 8344 		 g 			 4
vc1.txt 		 100 		 23600 		 g 			 4
vc1.txt 		 100 		 5077 		 g 			 4
vc1.txt 		 100 		 7841 		 g 			 4
vc1.txt 		 100 		 27761 		 g 			 4
vc1.txt 		 100 		 29482 		 g 			 4
vc1.txt 		 100 		 1419 		 g 			 4
vc1.txt 		 100 		 7733 		 g 			 4
vc1.txt 		 100 		 26405 		 g 			 4
vc1.txt 		 100 		 24885 		 g 			 4
vc1.txt 		 100 		 4356 		 g 			 4
vc1.txt 		 100 		 15085 		 g 			 4
vc1.txt 		 100 		 19125 		 g 			 4
vc1.txt 		 100 		 9797 		 a 			 10
vc1.txt 		 100 		 13510 		 a 			 8
vc1.txt 		 100 		 1721 		 a 			 11
vc1.txt 		 100 		 2290 		 a 			 7
vc1.txt 		 100 		 8634 		 a 			 7
vc1.txt 		 100 		 22393 		 a 			 6
vc1.txt 		 100 		 27173 		 a 			 6
vc1.txt 		 100 		 23622 		 a 			 8
vc1.txt 		 100 		 20096 		 a 			 5
vc1.txt 		 100 		 4466 		 a 			 11
vc1.txt 		 100 		 10267 		 a 			 7
vc1.txt 		 100 		 13316 		 a 			 5
vc1.txt 		 100 		 12805 		 a 			 7
vc1.txt 		 100 		 12439 		 a 			 6
vc1.txt 		 100 		 10097 		 a 			 11
vc1.txt 		 100 		 10869 		 a 			 7
vc1.txt 		 100 		 7050 		 a 			 6
vc1.txt 		 100 		 21007 		 a 			 9
vc1.txt 		 100 		 39 		 a 			 7
vc1.txt 		 100 		 11126 		 a 			 8
vc1.txt 		 100 		 11411 		 a 			 6
vc1.txt 		 100 		 8967 		 a 			 6
vc1.txt 		 100 		 16493 		 a 			 11
vc1.txt 		 100 		 31232 		 a 			 10
vc1.txt 		 100 		 21268 		 a 			 8
vc1.txt 		 100 		 25948 		 a 			 8
vc1.txt 		 100 		 22140 		 a 			 7
vc1.txt 		 100 		 1888 		 a 			 8
vc1.txt 		 100 		 32281 		 a 			 10
vc1.txt 		 100 		 29655 		 a 			 7
vc1.txt 		 100 		 886 		 a 			 7
vc1.txt 		 100 		 28543 		 a 			 6
vc1.txt 		 100 		 14530 		 a 			 10
vc1.txt 		 100 		 32457 		 a 			 8
vc1.txt 		 100 		 4133 		 a 			 6
vc1.txt 		 100 		 2508 		 a 			 11
vc1.txt 		 100 		 3475 		 a 			 10
vc1.txt 		 100 		 30986 		 a 			 8
vc1.txt 		 100 		 10800 		 a 			 11
vc1.txt 		 100 		 23488 		 a 			 5
vc1.txt 		 100 		 22838 		 a 			 6
vc1.txt 		 100 		 7481 		 a 			 8
vc1.txt 		 100 		 16629 		 a 			 11
vc1.txt 		 100 		 24391 		 a 			 8
vc1.txt 		 100 		 25289 		 a 			 11
vc1.txt 		 100 		 14741 		 a 			 7
vc1.txt 		 100 		 15072 		 a 			 9
vc1.txt 		 100 		 4188 		 a 			 10
vc1.txt 		 100 		 23116 		 a 			 11
vc1.txt 		 100 		 23911 		 a 			 6
