INSTANCE 				 NODES 		 SEED 		 METHOD 	 DSIZE 
hamming-10-2.txt 		 1024 		 5255 		 g 			 1
hamming-10-2.txt 		 1024 		 12713 		 g 			 1
hamming-10-2.txt 		 1024 		 20441 		 g 			 1
hamming-10-2.txt 		 1024 		 23655 		 g 			 1
hamming-10-2.txt 		 1024 		 9847 		 g 			 1
hamming-10-2.txt 		 1024 		 20161 		 g 			 1
hamming-10-2.txt 		 1024 		 7219 		 g 			 1
hamming-10-2.txt 		 1024 		 1989 		 g 			 1
hamming-10-2.txt 		 1024 		 20400 		 g 			 1
hamming-10-2.txt 		 1024 		 18119 		 g 			 1
hamming-10-2.txt 		 1024 		 28369 		 g 			 1
hamming-10-2.txt 		 1024 		 31486 		 g 			 1
hamming-10-2.txt 		 1024 		 26035 		 g 			 1
hamming-10-2.txt 		 1024 		 32221 		 g 			 1
hamming-10-2.txt 		 1024 		 25537 		 g 			 1
hamming-10-2.txt 		 1024 		 6324 		 g 			 1
hamming-10-2.txt 		 1024 		 31643 		 g 			 1
hamming-10-2.txt 		 1024 		 13715 		 g 			 1
hamming-10-2.txt 		 1024 		 31184 		 g 			 1
hamming-10-2.txt 		 1024 		 24365 		 g 			 1
hamming-10-2.txt 		 1024 		 14076 		 g 			 1
hamming-10-2.txt 		 1024 		 414 		 g 			 1
hamming-10-2.txt 		 1024 		 17235 		 g 			 1
hamming-10-2.txt 		 1024 		 5193 		 g 			 1
hamming-10-2.txt 		 1024 		 22466 		 g 			 1
hamming-10-2.txt 		 1024 		 14847 		 g 			 1
hamming-10-2.txt 		 1024 		 6503 		 g 			 1
hamming-10-2.txt 		 1024 		 17757 		 g 			 1
hamming-10-2.txt 		 1024 		 3426 		 g 			 1
hamming-10-2.txt 		 1024 		 16141 		 g 			 1
hamming-10-2.txt 		 1024 		 1883 		 g 			 1
hamming-10-2.txt 		 1024 		 28935 		 g 			 1
hamming-10-2.txt 		 1024 		 5488 		 g 			 1
hamming-10-2.txt 		 1024 		 28660 		 g 			 1
hamming-10-2.txt 		 1024 		 904 		 g 			 1
hamming-10-2.txt 		 1024 		 24277 		 g 			 1
hamming-10-2.txt 		 1024 		 265 		 g 			 1
hamming-10-2.txt 		 1024 		 8344 		 g 			 1
hamming-10-2.txt 		 1024 		 23600 		 g 			 1
hamming-10-2.txt 		 1024 		 5077 		 g 			 1
hamming-10-2.txt 		 1024 		 7841 		 g 			 1
hamming-10-2.txt 		 1024 		 27761 		 g 			 1
hamming-10-2.txt 		 1024 		 29482 		 g 			 1
hamming-10-2.txt 		 1024 		 1419 		 g 			 1
hamming-10-2.txt 		 1024 		 7733 		 g 			 1
hamming-10-2.txt 		 1024 		 26405 		 g 			 1
hamming-10-2.txt 		 1024 		 24885 		 g 			 1
hamming-10-2.txt 		 1024 		 4356 		 g 			 1
hamming-10-2.txt 		 1024 		 15085 		 g 			 1
hamming-10-2.txt 		 1024 		 19125 		 g 			 1
hamming-10-2.txt 		 1024 		 20421 		 a 			 1
hamming-10-2.txt 		 1024 		 10899 		 a 			 1
hamming-10-2.txt 		 1024 		 18671 		 a 			 1
hamming-10-2.txt 		 1024 		 23167 		 a 			 1
hamming-10-2.txt 		 1024 		 406 		 a 			 1
hamming-10-2.txt 		 1024 		 15418 		 a 			 1
hamming-10-2.txt 		 1024 		 14207 		 a 			 1
hamming-10-2.txt 		 1024 		 4659 		 a 			 1
hamming-10-2.txt 		 1024 		 31533 		 a 			 1
hamming-10-2.txt 		 1024 		 80 		 a 			 1
hamming-10-2.txt 		 1024 		 4803 		 a 			 1
hamming-10-2.txt 		 1024 		 23380 		 a 			 1
hamming-10-2.txt 		 1024 		 2918 		 a 			 1
hamming-10-2.txt 		 1024 		 31558 		 a 			 1
hamming-10-2.txt 		 1024 		 14974 		 a 			 1
hamming-10-2.txt 		 1024 		 19496 		 a 			 1
hamming-10-2.txt 		 1024 		 25448 		 a 			 1
hamming-10-2.txt 		 1024 		 23868 		 a 			 1
hamming-10-2.txt 		 1024 		 9926 		 a 			 1
hamming-10-2.txt 		 1024 		 15463 		 a 			 1
hamming-10-2.txt 		 1024 		 10723 		 a 			 1
hamming-10-2.txt 		 1024 		 7110 		 a 			 1
hamming-10-2.txt 		 1024 		 4574 		 a 			 1
hamming-10-2.txt 		 1024 		 14780 		 a 			 1
hamming-10-2.txt 		 1024 		 26343 		 a 			 1
hamming-10-2.txt 		 1024 		 22526 		 a 			 1
hamming-10-2.txt 		 1024 		 29698 		 a 			 1
hamming-10-2.txt 		 1024 		 22122 		 a 			 1
hamming-10-2.txt 		 1024 		 30957 		 a 			 1
hamming-10-2.txt 		 1024 		 12609 		 a 			 1
hamming-10-2.txt 		 1024 		 9394 		 a 			 1
hamming-10-2.txt 		 1024 		 15110 		 a 			 1
hamming-10-2.txt 		 1024 		 15448 		 a 			 1
hamming-10-2.txt 		 1024 		 24263 		 a 			 1
hamming-10-2.txt 		 1024 		 6395 		 a 			 1
hamming-10-2.txt 		 1024 		 5345 		 a 			 1
hamming-10-2.txt 		 1024 		 31968 		 a 			 1
hamming-10-2.txt 		 1024 		 5569 		 a 			 1
hamming-10-2.txt 		 1024 		 16341 		 a 			 1
hamming-10-2.txt 		 1024 		 15301 		 a 			 1
hamming-10-2.txt 		 1024 		 1436 		 a 			 1
hamming-10-2.txt 		 1024 		 27518 		 a 			 1
hamming-10-2.txt 		 1024 		 7945 		 a 			 1
hamming-10-2.txt 		 1024 		 11740 		 a 			 1
hamming-10-2.txt 		 1024 		 32193 		 a 			 1
hamming-10-2.txt 		 1024 		 15318 		 a 			 1
hamming-10-2.txt 		 1024 		 32308 		 a 			 1
hamming-10-2.txt 		 1024 		 5936 		 a 			 1
hamming-10-2.txt 		 1024 		 22342 		 a 			 1
hamming-10-2.txt 		 1024 		 15978 		 a 			 1
